2026-06-24 09:57:15.421 [main] WARN  o.s.b.j.a.JpaBaseConfiguration$JpaWebConfiguration [ANONYMOUS] — spring.jpa.open-in-view is enabled by default. Therefore, database queries may be performed during view rendering. Explicitly configure spring.jpa.open-in-view to disable this warning
2026-06-24 09:58:17.949 [http-nio-8080-exec-5] WARN  o.s.d.w.c.SpringDataJackson3Configuration$PageModule$WarningLoggingModifier [admin@test.com] — Serializing PageImpl instances as-is is not supported, meaning that there is no guarantee about the stability of the resulting JSON structure!
	For a stable JSON structure, please use Spring Data's PagedModel (globally via @EnableSpringDataWebSupport(pageSerializationMode = VIA_DTO))
	or Spring HATEOAS and Spring Data's PagedResourcesAssembler as documented in https://docs.spring.io/spring-data/commons/reference/repositories/core-extensions.html#core.web.pageables.

2026-06-24 10:35:18.924 [main] WARN  o.s.b.j.a.JpaBaseConfiguration$JpaWebConfiguration [ANONYMOUS] — spring.jpa.open-in-view is enabled by default. Therefore, database queries may be performed during view rendering. Explicitly configure spring.jpa.open-in-view to disable this warning
2026-06-24 10:35:29.005 [http-nio-8080-exec-2] WARN  o.s.d.w.c.SpringDataJackson3Configuration$PageModule$WarningLoggingModifier [testuser@gmail.com] — Serializing PageImpl instances as-is is not supported, meaning that there is no guarantee about the stability of the resulting JSON structure!
	For a stable JSON structure, please use Spring Data's PagedModel (globally via @EnableSpringDataWebSupport(pageSerializationMode = VIA_DTO))
	or Spring HATEOAS and Spring Data's PagedResourcesAssembler as documented in https://docs.spring.io/spring-data/commons/reference/repositories/core-extensions.html#core.web.pageables.

2026-06-24 10:40:32.470 [main] WARN  o.s.b.j.a.JpaBaseConfiguration$JpaWebConfiguration [ANONYMOUS] — spring.jpa.open-in-view is enabled by default. Therefore, database queries may be performed during view rendering. Explicitly configure spring.jpa.open-in-view to disable this warning
2026-06-24 10:41:11.120 [http-nio-8080-exec-6] WARN  o.s.d.w.c.SpringDataJackson3Configuration$PageModule$WarningLoggingModifier [testuser@gmail.com] — Serializing PageImpl instances as-is is not supported, meaning that there is no guarantee about the stability of the resulting JSON structure!
	For a stable JSON structure, please use Spring Data's PagedModel (globally via @EnableSpringDataWebSupport(pageSerializationMode = VIA_DTO))
	or Spring HATEOAS and Spring Data's PagedResourcesAssembler as documented in https://docs.spring.io/spring-data/commons/reference/repositories/core-extensions.html#core.web.pageables.

2026-06-24 10:42:57.884 [http-nio-8080-exec-1] ERROR c.e.b.security.RequestLoggingFilter [testuser@gmail.com] — GET /api/demandes/NaN/historique -> 500 (12ms)
2026-06-24 10:42:57.897 [http-nio-8080-exec-6] ERROR c.e.b.security.RequestLoggingFilter [testuser@gmail.com] — GET /api/demandes/NaN -> 500 (25ms)
2026-06-24 10:42:57.905 [http-nio-8080-exec-4] ERROR c.e.b.security.RequestLoggingFilter [testuser@gmail.com] — GET /api/demandes/NaN/historique -> 500 (8ms)
2026-06-24 10:42:57.916 [http-nio-8080-exec-2] ERROR c.e.b.security.RequestLoggingFilter [testuser@gmail.com] — GET /api/demandes/NaN -> 500 (5ms)
2026-06-24 11:30:51.211 [main] WARN  o.s.b.j.a.JpaBaseConfiguration$JpaWebConfiguration [ANONYMOUS] — spring.jpa.open-in-view is enabled by default. Therefore, database queries may be performed during view rendering. Explicitly configure spring.jpa.open-in-view to disable this warning
2026-06-24 11:40:08.341 [http-nio-8080-exec-5] WARN  o.s.d.w.c.SpringDataJackson3Configuration$PageModule$WarningLoggingModifier [testuser@gmail.com] — Serializing PageImpl instances as-is is not supported, meaning that there is no guarantee about the stability of the resulting JSON structure!
	For a stable JSON structure, please use Spring Data's PagedModel (globally via @EnableSpringDataWebSupport(pageSerializationMode = VIA_DTO))
	or Spring HATEOAS and Spring Data's PagedResourcesAssembler as documented in https://docs.spring.io/spring-data/commons/reference/repositories/core-extensions.html#core.web.pageables.

